<?xml version="1.0" encoding="UTF-8"?>
<testng-results skipped="0" failed="0" ignored="0" total="1" passed="1">
  <reporter-output>
  </reporter-output>
  <suite name="Default suite" duration-ms="30442" started-at="2023-12-05T13:51:23Z" finished-at="2023-12-05T13:51:54Z">
    <groups>
    </groups>
    <test name="Default test" duration-ms="30442" started-at="2023-12-05T13:51:23Z" finished-at="2023-12-05T13:51:54Z">
      <class name="Test.TestClass">
        <test-method status="PASS" signature="Test()[pri:0, instance:Test.TestClass@490ab905]" name="Test" duration-ms="30389" started-at="2023-12-05T13:51:23Z" finished-at="2023-12-05T13:51:54Z">
          <reporter-output>
          </reporter-output>
        </test-method> <!-- Test -->
      </class> <!-- Test.TestClass -->
    </test> <!-- Default test -->
  </suite> <!-- Default suite -->
</testng-results>
