<?xml version="1.0" encoding="UTF-8"?>
<!-- Generated by org.testng.reporters.JUnitXMLReporter -->
<testsuite hostname="LTIN214100" ignored="0" name="SeleniumTesting" tests="1" failures="1" timestamp="05 Dec 2023 12:25:28 GMT" time="12.958" errors="0">
  <testcase name="Test" time="12.886" classname="Test.TestClass">
    <failure type="java.lang.IllegalMonitorStateException">
      <![CDATA[java.lang.IllegalMonitorStateException
at java.lang.Object.wait(Native Method)
at Test.TestClass.Test(TestClass.java:31)
... Removed 25 stack frames]]>
    </failure>
  </testcase> <!-- Test -->
</testsuite> <!-- SeleniumTesting -->
